

Microchip MPLAB XC8 Assembler V2.30 build 20200825195618 
                                                                                               Fri Sep 24 14:00:09 2021

Microchip MPLAB XC8 C Compiler v2.30 (Free license) build 20200825195618 Og1 
     1                           	processor	16F628
     2                           	pagewidth 120
     3                           	opt	flic
     4                           	psect	cinit,global,class=CODE,merge=1,delta=2
     5                           	psect	bssCOMMON,global,class=COMMON,space=1,delta=1,noexec
     6                           	psect	cstackCOMMON,global,class=COMMON,space=1,delta=1,noexec
     7                           	psect	maintext,global,class=CODE,split=1,delta=2
     8                           	psect	config,global,abs,ovrld,class=CONFIG,space=4,delta=2,noexec
     9                           	dabs	1,0x7E,2
    10  0000                     
    11                           ; Version 2.20
    12                           ; Generated 12/02/2020 GMT
    13                           ; 
    14                           ; Copyright © 2020, Microchip Technology Inc. and its subsidiaries ("Microchip")
    15                           ; All rights reserved.
    16                           ; 
    17                           ; This software is developed by Microchip Technology Inc. and its subsidiaries ("Microch
      +                          ip").
    18                           ; 
    19                           ; Redistribution and use in source and binary forms, with or without modification, are
    20                           ; permitted provided that the following conditions are met:
    21                           ; 
    22                           ;     1. Redistributions of source code must retain the above copyright notice, this lis
      +                          t of
    23                           ;        conditions and the following disclaimer.
    24                           ; 
    25                           ;     2. Redistributions in binary form must reproduce the above copyright notice, this 
      +                          list
    26                           ;        of conditions and the following disclaimer in the documentation and/or other
    27                           ;        materials provided with the distribution.
    28                           ; 
    29                           ;     3. Microchip's name may not be used to endorse or promote products derived from th
      +                          is
    30                           ;        software without specific prior written permission.
    31                           ; 
    32                           ; THIS SOFTWARE IS PROVIDED BY MICROCHIP "AS IS" AND ANY EXPRESS OR IMPLIED WARRANTIES,
    33                           ; INCLUDING, BUT NOT LIMITED TO, THE IMPLIED WARRANTIES OF MERCHANTABILITY AND FITNESS F
      +                          OR
    34                           ; PURPOSE ARE DISCLAIMED.  IN NO EVENT SHALL MICROCHIP BE LIABLE FOR ANY DIRECT, INDIREC
      +                          T,
    35                           ; INCIDENTAL, SPECIAL, EXEMPLARY, OR CONSEQUENTIAL DAMAGES (INCLUDING BUT NOT LIMITED TO
    36                           ; PROCUREMENT OF SUBSTITUTE GOODS OR SERVICES; LOSS OF USE, DATA OR PROFITS; OR BUSINESS
    37                           ; INTERRUPTION) HOWSOEVER CAUSED AND ON ANY THEORY OF LIABILITY, WHETHER IN CONTRACT, ST
      +                          RICT
    38                           ; LIABILITY, OR TORT (INCLUDING NEGLIGENCE OR OTHERWISE) ARISING IN ANY WAY OUT OF THE U
      +                          SE OF
    39                           ; THIS SOFTWARE, EVEN IF ADVISED OF THE POSSIBILITY OF SUCH DAMAGE.
    40                           ; 
    41                           ; 
    42                           ; Code-generator required, PIC16F628 Definitions
    43                           ; 
    44                           ; SFR Addresses
    45  0000                     	;# 
    46  0001                     	;# 
    47  0002                     	;# 
    48  0003                     	;# 
    49  0004                     	;# 
    50  0005                     	;# 
    51  0006                     	;# 
    52  000A                     	;# 
    53  000B                     	;# 
    54  000C                     	;# 
    55  000E                     	;# 
    56  000E                     	;# 
    57  000F                     	;# 
    58  0010                     	;# 
    59  0011                     	;# 
    60  0012                     	;# 
    61  0015                     	;# 
    62  0015                     	;# 
    63  0016                     	;# 
    64  0017                     	;# 
    65  0018                     	;# 
    66  0019                     	;# 
    67  001A                     	;# 
    68  001F                     	;# 
    69  0081                     	;# 
    70  0085                     	;# 
    71  0086                     	;# 
    72  008C                     	;# 
    73  008E                     	;# 
    74  0092                     	;# 
    75  0098                     	;# 
    76  0099                     	;# 
    77  009A                     	;# 
    78  009B                     	;# 
    79  009C                     	;# 
    80  009D                     	;# 
    81  009F                     	;# 
    82  0000                     	;# 
    83  0001                     	;# 
    84  0002                     	;# 
    85  0003                     	;# 
    86  0004                     	;# 
    87  0005                     	;# 
    88  0006                     	;# 
    89  000A                     	;# 
    90  000B                     	;# 
    91  000C                     	;# 
    92  000E                     	;# 
    93  000E                     	;# 
    94  000F                     	;# 
    95  0010                     	;# 
    96  0011                     	;# 
    97  0012                     	;# 
    98  0015                     	;# 
    99  0015                     	;# 
   100  0016                     	;# 
   101  0017                     	;# 
   102  0018                     	;# 
   103  0019                     	;# 
   104  001A                     	;# 
   105  001F                     	;# 
   106  0081                     	;# 
   107  0085                     	;# 
   108  0086                     	;# 
   109  008C                     	;# 
   110  008E                     	;# 
   111  0092                     	;# 
   112  0098                     	;# 
   113  0099                     	;# 
   114  009A                     	;# 
   115  009B                     	;# 
   116  009C                     	;# 
   117  009D                     	;# 
   118  009F                     	;# 
   119  0018                     _RCSTAbits	set	24
   120  0085                     _TRISA	set	133
   121  0086                     _TRISBbits	set	134
   122  0099                     _SPBRG	set	153
   123  0098                     _TXSTAbits	set	152
   124                           
   125                           	psect	cinit
   126  07F8                     start_initialization:	
   127                           ; #config settings
   128                           
   129  07F8                     __initialization:
   130                           
   131                           ; Clear objects allocated to COMMON
   132  07F8  01F0               	clrf	__pbssCOMMON& (0+127)
   133  07F9  01F1               	clrf	(__pbssCOMMON+1)& (0+127)
   134  07FA  01F2               	clrf	(__pbssCOMMON+2)& (0+127)
   135  07FB  01F3               	clrf	(__pbssCOMMON+3)& (0+127)
   136  07FC  01F4               	clrf	(__pbssCOMMON+4)& (0+127)
   137  07FD  01F5               	clrf	(__pbssCOMMON+5)& (0+127)
   138  07FE                     end_of_initialization:	
   139                           ;End of C runtime variable initialization code
   140                           
   141  07FE                     __end_of__initialization:
   142  07FE  0183               	clrf	3
   143  07FF  2FF4               	ljmp	_main	;jump to C main() function
   144                           
   145                           	psect	bssCOMMON
   146  0070                     __pbssCOMMON:
   147  0070                     _numberOfCommunicationsErrorsDetected:
   148  0070                     	ds	2
   149  0072                     _tryingToDetectCommunicationError:
   150  0072                     	ds	2
   151  0074                     _numberOfReadChars:
   152  0074                     	ds	2
   153                           
   154                           	psect	cstackCOMMON
   155  0000                     __pcstackCOMMON:
   156  0000                     ?_main:
   157  0000                     ??_main:	
   158                           ; 1 bytes @ 0x0
   159                           
   160                           
   161                           	psect	maintext
   162  07F4                     __pmaintext:	
   163                           ; 1 bytes @ 0x0
   164 ;;
   165 ;;Main: autosize = 0, tempsize = 0, incstack = 0, save=0
   166 ;;
   167 ;; *************** function _main *****************
   168 ;; Defined at:
   169 ;;		line 48 in file "main_Master.c"
   170 ;; Parameters:    Size  Location     Type
   171 ;;		None
   172 ;; Auto vars:     Size  Location     Type
   173 ;;		None
   174 ;; Return value:  Size  Location     Type
   175 ;;                  1    wreg      void 
   176 ;; Registers used:
   177 ;;		status,2
   178 ;; Tracked objects:
   179 ;;		On entry : B00/0
   180 ;;		On exit  : 0/0
   181 ;;		Unchanged: 0/0
   182 ;; Data sizes:     COMMON   BANK0   BANK1   BANK2
   183 ;;      Params:         0       0       0       0
   184 ;;      Locals:         0       0       0       0
   185 ;;      Temps:          0       0       0       0
   186 ;;      Totals:         0       0       0       0
   187 ;;Total ram usage:        0 bytes
   188 ;; This function calls:
   189 ;;		Nothing
   190 ;; This function is called by:
   191 ;;		Startup code after reset
   192 ;; This function uses a non-reentrant model
   193 ;;
   194                           
   195                           
   196                           ;psect for function _main
   197  07F4                     _main:
   198  07F4                     l628:	
   199                           ;incstack = 0
   200                           ; Regs used in _main: [status,2]
   201                           
   202                           
   203                           ;main_Master.c: 49:     TRISA = 0x00;
   204  07F4  1683               	bsf	3,5	;RP0=1, select bank1
   205  07F5  1303               	bcf	3,6	;RP1=0, select bank1
   206  07F6  0185               	clrf	5	;volatile
   207  07F7                     l24:
   208  07F7  2800               	ljmp	start
   209  07F8                     __end_of_main:
   210  007E                     btemp	set	126	;btemp
   211  007E                     wtemp0	set	126
   212                           
   213                           	psect	config
   214                           
   215                           ;Config register CONFIG @ 0x2007
   216                           ;	Oscillator Selection bits
   217                           ;	FOSC = INTOSCIO, INTRC oscillator: I/O function on RA6/OSC2/CLKOUT pin, I/O function o
      +                          n RA7/OSC1/CLKIN
   218                           ;	Watchdog Timer Enable bit
   219                           ;	WDTE = OFF, WDT disabled
   220                           ;	Power-up Timer Enable bit
   221                           ;	PWRTE = ON, PWRT enabled
   222                           ;	RA5/MCLR pin function select
   223                           ;	MCLRE = OFF, RA5/MCLR pin function is digital input, MCLR internally tied to VDD
   224                           ;	Brown-out Reset Enable bit
   225                           ;	BOREN = OFF, BOD Reset disabled
   226                           ;	Low-Voltage Programming Enable bit
   227                           ;	LVP = OFF, RB4/PGM pin has digital I/O function, HV on MCLR must be used for programmi
      +                          ng
   228                           ;	Data Code Protection bit
   229                           ;	CPD = OFF, Data memory code protection off
   230                           ;	Code Protection bits
   231                           ;	CP = OFF, Program memory code protection off
   232  2007                     	org	8199
   233  2007  3F10               	dw	16144

Data Sizes:
    Strings     0
    Constant    0
    Data        0
    BSS         6
    Persistent  0
    Stack       0

Auto Spaces:
    Space          Size  Autos    Used
    COMMON           14      0       6
    BANK0            80      0       0
    BANK1            80      0       0
    BANK2            48      0       0

Pointer List with Targets:

    None.

Critical Paths under _main in COMMON

    None.

Critical Paths under _main in BANK0

    None.

Critical Paths under _main in BANK1

    None.

Critical Paths under _main in BANK2

    None.

Call Graph Tables:

 ---------------------------------------------------------------------------------
 (Depth) Function   	        Calls       Base Space   Used Autos Params    Refs
 ---------------------------------------------------------------------------------
 (0) _main                                                 0     0      0       0
 ---------------------------------------------------------------------------------
 Estimated maximum stack depth 0
 ---------------------------------------------------------------------------------

 Call Graph Graphs:

 _main (ROOT)

 Address spaces:
Name               Size   Autos  Total    Cost      Usage
BITCOMMON            E      0       0       0        0.0%
EEDATA              80      0       0       0        0.0%
NULL                 0      0       0       0        0.0%
CODE                 0      0       0       0        0.0%
COMMON               E      0       6       1       42.9%
BITSFR0              0      0       0       1        0.0%
SFR0                 0      0       0       1        0.0%
BITSFR1              0      0       0       2        0.0%
SFR1                 0      0       0       2        0.0%
STACK                0      0       0       2        0.0%
BANK0               50      0       0       3        0.0%
BITSFR3              0      0       0       4        0.0%
SFR3                 0      0       0       4        0.0%
ABS                  0      0       6       4        0.0%
BITBANK0            50      0       0       5        0.0%
BITSFR2              0      0       0       5        0.0%
SFR2                 0      0       0       5        0.0%
BITBANK1            50      0       0       6        0.0%
BANK1               50      0       0       7        0.0%
BITBANK2            30      0       0       8        0.0%
BANK2               30      0       0       9        0.0%
DATA                 0      0       6      10        0.0%


Microchip Technology PIC Macro Assembler V2.30 build 20200825195618 
Symbol Table                                                                                   Fri Sep 24 14:00:09 2021

                                  l24 07F7                                   l628 07F4  
                                _main 07F4                                  btemp 007E  
                                start 0000  _numberOfCommunicationsErrorsDetected 0070  
                               ?_main 0000                                 _SPBRG 0099  
                               _TRISA 0085                                 status 0003  
                               wtemp0 007E                       __initialization 07F8  
                        __end_of_main 07F8                                ??_main 0000  
             __end_of__initialization 07FE                        __pcstackCOMMON 0000  
                          __pmaintext 07F4                  end_of_initialization 07FE  
                           _RCSTAbits 0018                             _TRISBbits 0086  
                           _TXSTAbits 0098                   start_initialization 07F8  
                         __pbssCOMMON 0070                             ___latbits 0000  
                   _numberOfReadChars 0074                         __size_of_main 0004  
    _tryingToDetectCommunicationError 0072  
